d:\quark_c_final\prueba_final\tienda\tienda\debug\vc142.pdb
d:\quark_c_final\prueba_final\tienda\tienda\debug\vc142.idb
d:\quark_c_final\prueba_final\tienda\tienda\debug\pantalon.obj
d:\quark_c_final\prueba_final\tienda\tienda\debug\camisa.obj
d:\quark_c_final\prueba_final\tienda\tienda\debug\prenda.obj
d:\quark_c_final\prueba_final\tienda\tienda\debug\prenda_factory.obj
d:\quark_c_final\prueba_final\tienda\tienda\debug\cuello.obj
d:\quark_c_final\prueba_final\tienda\tienda\debug\cotizacion.obj
d:\quark_c_final\prueba_final\tienda\tienda\debug\view.obj
d:\quark_c_final\prueba_final\tienda\tienda\debug\main.obj
d:\quark_c_final\prueba_final\tienda\tienda\debug\presenter.obj
d:\quark_c_final\prueba_final\tienda\tienda\debug\vendedor.obj
d:\quark_c_final\github\practicaquark\tienda\debug\vc142.pdb
d:\quark_c_final\github\practicaquark\tienda\debug\vc142.idb
d:\quark_c_final\github\practicaquark\tienda\debug\vendedor.obj
d:\quark_c_final\github\practicaquark\tienda\debug\tienda.obj
d:\quark_c_final\github\practicaquark\tienda\debug\pantalon.obj
d:\quark_c_final\github\practicaquark\tienda\debug\camisa.obj
d:\quark_c_final\github\practicaquark\tienda\debug\prenda.obj
d:\quark_c_final\github\practicaquark\tienda\debug\prenda_factory.obj
d:\quark_c_final\github\practicaquark\tienda\debug\cuello.obj
d:\quark_c_final\github\practicaquark\tienda\debug\cotizacion.obj
d:\quark_c_final\github\practicaquark\tienda\debug\view.obj
d:\quark_c_final\github\practicaquark\tienda\debug\main.obj
d:\quark_c_final\github\practicaquark\tienda\debug\presenter.obj
d:\quark_c_final\github\practicaquark\debug\tienda.exe
d:\quark_c_final\github\practicaquark\tienda\debug\tienda.ilk
d:\quark_c_final\github\practicaquark\debug\tienda.pdb
d:\quark_c_final\github\practicaquark\tienda\debug\tienda.tlog\cl.command.1.tlog
d:\quark_c_final\github\practicaquark\tienda\debug\tienda.tlog\cl.read.1.tlog
d:\quark_c_final\github\practicaquark\tienda\debug\tienda.tlog\cl.write.1.tlog
d:\quark_c_final\github\practicaquark\tienda\debug\tienda.tlog\link.command.1.tlog
d:\quark_c_final\github\practicaquark\tienda\debug\tienda.tlog\link.read.1.tlog
d:\quark_c_final\github\practicaquark\tienda\debug\tienda.tlog\link.write.1.tlog
